D:\Jurask\Documentos\GIT\WebApp2LabSoft\WebApplication2\SPA\labsoft\Labsoft.Json.js
D:\Jurask\Documentos\GIT\WebApp2LabSoft\WebApplication2\SPA\labsoft\Labsoft.Json.js.map
D:\Jurask\Documentos\GIT\WebApp2LabSoft\WebApplication2\SPA\labsoft\Labsoft.Ajax.js
D:\Jurask\Documentos\GIT\WebApp2LabSoft\WebApplication2\SPA\labsoft\Labsoft.Ajax.js.map
D:\Jurask\Documentos\GIT\WebApp2LabSoft\WebApplication2\SPA\labsoft\Labsoft.Template.js
D:\Jurask\Documentos\GIT\WebApp2LabSoft\WebApplication2\SPA\labsoft\Labsoft.Template.js.map
D:\Jurask\Documentos\GIT\WebApp2LabSoft\WebApplication2\SPA\labsoft\Labsoft.UI.Button.js
D:\Jurask\Documentos\GIT\WebApp2LabSoft\WebApplication2\SPA\labsoft\Labsoft.UI.Button.js.map
D:\Jurask\Documentos\GIT\WebApp2LabSoft\WebApplication2\SPA\labsoft\Labsoft.UI.TextInput.js
D:\Jurask\Documentos\GIT\WebApp2LabSoft\WebApplication2\SPA\labsoft\Labsoft.UI.TextInput.js.map
D:\Jurask\Documentos\GIT\WebApp2LabSoft\WebApplication2\SPA\labsoft\Labsoft.UI.DateTimeInput.js
D:\Jurask\Documentos\GIT\WebApp2LabSoft\WebApplication2\SPA\labsoft\Labsoft.UI.DateTimeInput.js.map
D:\Jurask\Documentos\GIT\WebApp2LabSoft\WebApplication2\SPA\myLIMSweb\interfaces\myLIMSweb.Interface.Config.js
D:\Jurask\Documentos\GIT\WebApp2LabSoft\WebApplication2\SPA\myLIMSweb\interfaces\myLIMSweb.Interface.Config.js.map
D:\Jurask\Documentos\GIT\WebApp2LabSoft\WebApplication2\SPA\myLIMSweb\interfaces\myLIMSweb.Interface.SampleReason.js
D:\Jurask\Documentos\GIT\WebApp2LabSoft\WebApplication2\SPA\myLIMSweb\interfaces\myLIMSweb.Interface.SampleReason.js.map
D:\Jurask\Documentos\GIT\WebApp2LabSoft\WebApplication2\SPA\myLIMSweb\interfaces\myLIMSweb.Interface.SampleType.js
D:\Jurask\Documentos\GIT\WebApp2LabSoft\WebApplication2\SPA\myLIMSweb\interfaces\myLIMSweb.Interface.SampleType.js.map
D:\Jurask\Documentos\GIT\WebApp2LabSoft\WebApplication2\SPA\myLIMSweb\interfaces\myLIMSweb.Interface.Sample.js
D:\Jurask\Documentos\GIT\WebApp2LabSoft\WebApplication2\SPA\myLIMSweb\interfaces\myLIMSweb.Interface.Sample.js.map
D:\Jurask\Documentos\GIT\WebApp2LabSoft\WebApplication2\SPA\labsoft\Labsoft.UI.Grid.js
D:\Jurask\Documentos\GIT\WebApp2LabSoft\WebApplication2\SPA\labsoft\Labsoft.UI.Grid.js.map
D:\Jurask\Documentos\GIT\WebApp2LabSoft\WebApplication2\SPA\myLIMSweb\myLIMSweb.Application.js
D:\Jurask\Documentos\GIT\WebApp2LabSoft\WebApplication2\SPA\myLIMSweb\myLIMSweb.Application.js.map
